\BOOKMARK [0][-]{section*.1}{Resumen}{}% 1
\BOOKMARK [0][-]{section*.2}{Agradecimientos}{}% 2
\BOOKMARK [0][-]{chapter.1}{Introducción general}{}% 3
\BOOKMARK [1][-]{section.1.1}{Inteligencia artificial en el ámbito financiero}{chapter.1}% 4
\BOOKMARK [1][-]{section.1.2}{Estado del arte: caso Nosis}{chapter.1}% 5
\BOOKMARK [1][-]{section.1.3}{Motivación}{chapter.1}% 6
\BOOKMARK [1][-]{section.1.4}{Objetivos y alcance}{chapter.1}% 7
\BOOKMARK [2][-]{subsection.1.4.1}{Objetivos}{section.1.4}% 8
\BOOKMARK [2][-]{subsection.1.4.2}{Alcance}{section.1.4}% 9
\BOOKMARK [0][-]{chapter.2}{Introducción específica}{}% 10
\BOOKMARK [1][-]{section.2.1}{Requerimientos asociados al desarrollo e implementación de/los modelo/s}{chapter.2}% 11
\BOOKMARK [2][-]{subsection.2.1.1}{Requerimientos asociados al desarrollo}{section.2.1}% 12
\BOOKMARK [2][-]{subsection.2.1.2}{Requerimientos asociados a la implementación}{section.2.1}% 13
\BOOKMARK [1][-]{section.2.2}{Modelos de inteligencia artificial utilizados}{chapter.2}% 14
\BOOKMARK [1][-]{section.2.3}{Herramientas de software utilizadas}{chapter.2}% 15
\BOOKMARK [2][-]{subsection.2.3.1}{Espacio de trabajo: Databricks}{section.2.3}% 16
\BOOKMARK [2][-]{subsection.2.3.2}{Motor de análisis y procesamiento: Spark}{section.2.3}% 17
\BOOKMARK [2][-]{subsection.2.3.3}{Lenguaje de programación: Python}{section.2.3}% 18
\BOOKMARK [2][-]{subsection.2.3.4}{Gestión del código y versiones: GitHub}{section.2.3}% 19
\BOOKMARK [2][-]{subsection.2.3.5}{Creación del proyecto, seguimiento y registro del modelo: MLFlow}{section.2.3}% 20
\BOOKMARK [2][-]{subsection.2.3.6}{Programación de flujos: Apache Airflow}{section.2.3}% 21
\BOOKMARK [0][-]{chapter.3}{Diseño e implementación}{}% 22
\BOOKMARK [1][-]{section.3.1}{Arquitectura del sistema completo}{chapter.3}% 23
\BOOKMARK [2][-]{subsection.3.1.1}{Integración de fuente interna: Last estimate}{section.3.1}% 24
\BOOKMARK [2][-]{subsection.3.1.2}{Integración de fuente externa: Webdox}{section.3.1}% 25
\BOOKMARK [1][-]{section.3.2}{Generación y tratamiento de los datos}{chapter.3}% 26
\BOOKMARK [1][-]{section.3.3}{Automatización e implementación}{chapter.3}% 27
\BOOKMARK [0][-]{chapter.4}{Ensayos y resultados}{}% 28
\BOOKMARK [1][-]{section.4.1}{Descripción del banco de pruebas}{chapter.4}% 29
\BOOKMARK [1][-]{section.4.2}{Modelos probados}{chapter.4}% 30
\BOOKMARK [1][-]{section.4.3}{Descripción de la salida}{chapter.4}% 31
\BOOKMARK [1][-]{section.4.4}{Caso de uso}{chapter.4}% 32
\BOOKMARK [0][-]{chapter.5}{Conclusiones}{}% 33
\BOOKMARK [1][-]{section.5.1}{Conclusiones generales}{chapter.5}% 34
\BOOKMARK [1][-]{section.5.2}{Trabajo futuro}{chapter.5}% 35
\BOOKMARK [0][-]{appendix*.14}{Bibliograf\355a}{}% 36
