\BOOKMARK [0][-]{section*.1}{Resumen}{}% 1
\BOOKMARK [0][-]{section*.2}{Agradecimientos}{}% 2
\BOOKMARK [0][-]{chapter.1}{Introducci\363n general}{}% 3
\BOOKMARK [1][-]{section.1.1}{Inteligencia artificial en el \341mbito financiero}{chapter.1}% 4
\BOOKMARK [1][-]{section.1.2}{Estado del arte: caso Nosis}{chapter.1}% 5
\BOOKMARK [1][-]{section.1.3}{Motivaci\363n}{chapter.1}% 6
\BOOKMARK [1][-]{section.1.4}{Objetivos y alcance}{chapter.1}% 7
\BOOKMARK [2][-]{subsection.1.4.1}{Objetivos}{section.1.4}% 8
\BOOKMARK [2][-]{subsection.1.4.2}{Alcance}{section.1.4}% 9
\BOOKMARK [0][-]{chapter.2}{Introducci\363n espec\355fica}{}% 10
\BOOKMARK [1][-]{section.2.1}{Requerimientos asociados al desarrollo e implementaci\363n de/los modelo/s}{chapter.2}% 11
\BOOKMARK [2][-]{subsection.2.1.1}{Requerimientos asociados al desarrollo}{section.2.1}% 12
\BOOKMARK [2][-]{subsection.2.1.2}{Requerimientos asociados a la implementaci\363n}{section.2.1}% 13
\BOOKMARK [1][-]{section.2.2}{Contexto de negocio}{chapter.2}% 14
\BOOKMARK [1][-]{section.2.3}{Modelos de inteligencia artificial utilizados}{chapter.2}% 15
\BOOKMARK [0][-]{chapter.3}{Dise\361o e implementaci\363n}{}% 16
\BOOKMARK [1][-]{section.3.1}{Arquitectura del sistema completo}{chapter.3}% 17
\BOOKMARK [1][-]{section.3.2}{Generaci\363n y tratamiento de los datos}{chapter.3}% 18
\BOOKMARK [1][-]{section.3.3}{Automatizaci\363n e implementaci\363n}{chapter.3}% 19
\BOOKMARK [0][-]{chapter.4}{Ensayos y resultados}{}% 20
\BOOKMARK [1][-]{section.4.1}{Descripci\363n del banco de pruebas}{chapter.4}% 21
\BOOKMARK [1][-]{section.4.2}{Modelos probados}{chapter.4}% 22
\BOOKMARK [1][-]{section.4.3}{Descripci\363n de la salida}{chapter.4}% 23
\BOOKMARK [1][-]{section.4.4}{Caso de uso}{chapter.4}% 24
\BOOKMARK [0][-]{chapter.5}{Conclusiones}{}% 25
\BOOKMARK [1][-]{section.5.1}{Conclusiones generales}{chapter.5}% 26
\BOOKMARK [1][-]{section.5.2}{Trabajo futuro}{chapter.5}% 27
